-------------------------------------------------------------------------------
Test set: com.example.demojunitteset.DemojunittesetApplicationTests
-------------------------------------------------------------------------------
Tests run: 1, Failures: 1, Errors: 0, Skipped: 0, Time elapsed: 0.414 s <<< FAILURE! - in com.example.demojunitteset.DemojunittesetApplicationTests
com.example.demojunitteset.DemojunittesetApplicationTests.testSendGreeting  Time elapsed: 0.394 s  <<< FAILURE!
org.junit.ComparisonFailure: expected:<Hello World [!!]> but was:<Hello World []>
	at com.example.demojunitteset.DemojunittesetApplicationTests.testSendGreeting(DemojunittesetApplicationTests.java:21)

