<?xml version="1.0" encoding="UTF-8"?>
<testsuite xmlns:xsi="http://www.w3.org/2001/XMLSchema-instance" xsi:noNamespaceSchemaLocation="https://maven.apache.org/surefire/maven-surefire-plugin/xsd/surefire-test-report-3.0.xsd" version="3.0" name="com.example.demojunitteset.DemojunittesetApplicationTests" time="0.414" tests="1" errors="0" skipped="0" failures="1">
  <properties>
[...]
</properties>
  <testcase name="testSendGreeting" classname="com.example.demojunitteset.DemojunittesetApplicationTests" time="0.394">
    <failure message="expected:&lt;Hello World [!!]&gt; but was:&lt;Hello World []&gt;" type="org.junit.ComparisonFailure"><![CDATA[org.junit.ComparisonFailure: expected:<Hello World [!!]> but was:<Hello World []>
	at com.example.demojunitteset.DemojunittesetApplicationTests.testSendGreeting(DemojunittesetApplicationTests.java:21)
]]></failure>
    <system-out><![CDATA[12:34:48.790 [main] DEBUG org.springframework.test.context.junit4.SpringJUnit4ClassRunner - SpringJUnit4ClassRunner constructor called with [class com.example.demojunitteset.DemojunittesetApplicationTests]
12:34:48.794 [main] DEBUG org.springframework.test.context.BootstrapUtils - Instantiating CacheAwareContextLoaderDelegate from class [org.springframework.test.context.cache.DefaultCacheAwareContextLoaderDelegate]
12:34:48.799 [main] DEBUG org.springframework.test.context.BootstrapUtils - Instantiating BootstrapContext using constructor [public org.springframework.test.context.support.DefaultBootstrapContext(java.lang.Class,org.springframework.test.context.CacheAwareContextLoaderDelegate)]
12:34:48.822 [main] DEBUG org.springframework.test.context.BootstrapUtils - Instantiating TestContextBootstrapper for test class [com.example.demojunitteset.DemojunittesetApplicationTests] from class [org.springframework.boot.test.context.SpringBootTestContextBootstrapper]
12:34:48.828 [main] INFO org.springframework.boot.test.context.SpringBootTestContextBootstrapper - Neither @ContextConfiguration nor @ContextHierarchy found for test class [com.example.demojunitteset.DemojunittesetApplicationTests], using SpringBootContextLoader
12:34:48.830 [main] DEBUG org.springframework.test.context.support.AbstractContextLoader - Did not detect default resource location for test class [com.example.demojunitteset.DemojunittesetApplicationTests]: class path resource [com/example/demojunitteset/DemojunittesetApplicationTests-context.xml] does not exist
12:34:48.831 [main] DEBUG org.springframework.test.context.support.AbstractContextLoader - Did not detect default resource location for test class [com.example.demojunitteset.DemojunittesetApplicationTests]: class path resource [com/example/demojunitteset/DemojunittesetApplicationTestsContext.groovy] does not exist
12:34:48.831 [main] INFO org.springframework.test.context.support.AbstractContextLoader - Could not detect default resource locations for test class [com.example.demojunitteset.DemojunittesetApplicationTests]: no resource found for suffixes {-context.xml, Context.groovy}.
12:34:48.831 [main] INFO org.springframework.test.context.support.AnnotationConfigContextLoaderUtils - Could not detect default configuration classes for test class [com.example.demojunitteset.DemojunittesetApplicationTests]: DemojunittesetApplicationTests does not declare any static, non-private, non-final, nested classes annotated with @Configuration.
12:34:48.869 [main] DEBUG org.springframework.test.context.support.ActiveProfilesUtils - Could not find an 'annotation declaring class' for annotation type [org.springframework.test.context.ActiveProfiles] and class [com.example.demojunitteset.DemojunittesetApplicationTests]
12:34:48.897 [main] DEBUG org.springframework.context.annotation.ClassPathScanningCandidateComponentProvider - Identified candidate component class: file [/home/lab1/Downloads/demojunitteset/target/classes/com/example/demojunitteset/DemojunittesetApplication.class]
12:34:48.902 [main] INFO org.springframework.boot.test.context.SpringBootTestContextBootstrapper - Found @SpringBootConfiguration com.example.demojunitteset.DemojunittesetApplication for test class com.example.demojunitteset.DemojunittesetApplicationTests
12:34:48.948 [main] DEBUG org.springframework.boot.test.context.SpringBootTestContextBootstrapper - @TestExecutionListeners is not present for class [com.example.demojunitteset.DemojunittesetApplicationTests]: using defaults.
12:34:48.948 [main] INFO org.springframework.boot.test.context.SpringBootTestContextBootstrapper - Loaded default TestExecutionListener class names from location [META-INF/spring.factories]: [org.springframework.boot.test.mock.mockito.MockitoTestExecutionListener, org.springframework.boot.test.mock.mockito.ResetMocksTestExecutionListener, org.springframework.boot.test.autoconfigure.restdocs.RestDocsTestExecutionListener, org.springframework.boot.test.autoconfigure.web.client.MockRestServiceServerResetTestExecutionListener, org.springframework.boot.test.autoconfigure.web.servlet.MockMvcPrintOnlyOnFailureTestExecutionListener, org.springframework.boot.test.autoconfigure.web.servlet.WebDriverTestExecutionListener, org.springframework.boot.test.autoconfigure.webservices.client.MockWebServiceServerTestExecutionListener, org.springframework.test.context.web.ServletTestExecutionListener, org.springframework.test.context.support.DirtiesContextBeforeModesTestExecutionListener, org.springframework.test.context.event.ApplicationEventsTestExecutionListener, org.springframework.test.context.support.DependencyInjectionTestExecutionListener, org.springframework.test.context.support.DirtiesContextTestExecutionListener, org.springframework.test.context.transaction.TransactionalTestExecutionListener, org.springframework.test.context.jdbc.SqlScriptsTestExecutionListener, org.springframework.test.context.event.EventPublishingTestExecutionListener]
12:34:48.953 [main] DEBUG org.springframework.boot.test.context.SpringBootTestContextBootstrapper - Skipping candidate TestExecutionListener [org.springframework.test.context.transaction.TransactionalTestExecutionListener] due to a missing dependency. Specify custom listener classes or make the default listener classes and their required dependencies available. Offending class: [org/springframework/transaction/interceptor/TransactionAttributeSource]
12:34:48.954 [main] DEBUG org.springframework.boot.test.context.SpringBootTestContextBootstrapper - Skipping candidate TestExecutionListener [org.springframework.test.context.jdbc.SqlScriptsTestExecutionListener] due to a missing dependency. Specify custom listener classes or make the default listener classes and their required dependencies available. Offending class: [org/springframework/transaction/interceptor/TransactionAttribute]
12:34:48.954 [main] INFO org.springframework.boot.test.context.SpringBootTestContextBootstrapper - Using TestExecutionListeners: [org.springframework.test.context.web.ServletTestExecutionListener@7bd7d6d6, org.springframework.test.context.support.DirtiesContextBeforeModesTestExecutionListener@43f02ef2, org.springframework.test.context.event.ApplicationEventsTestExecutionListener@239a307b, org.springframework.boot.test.mock.mockito.MockitoTestExecutionListener@2a8448fa, org.springframework.boot.test.autoconfigure.SpringBootDependencyInjectionTestExecutionListener@6f204a1a, org.springframework.test.context.support.DirtiesContextTestExecutionListener@2de56eb2, org.springframework.test.context.event.EventPublishingTestExecutionListener@5f8e8a9d, org.springframework.boot.test.mock.mockito.ResetMocksTestExecutionListener@5745ca0e, org.springframework.boot.test.autoconfigure.restdocs.RestDocsTestExecutionListener@3ad83a66, org.springframework.boot.test.autoconfigure.web.client.MockRestServiceServerResetTestExecutionListener@3cce5371, org.springframework.boot.test.autoconfigure.web.servlet.MockMvcPrintOnlyOnFailureTestExecutionListener@17bffc17, org.springframework.boot.test.autoconfigure.web.servlet.WebDriverTestExecutionListener@6e535154, org.springframework.boot.test.autoconfigure.webservices.client.MockWebServiceServerTestExecutionListener@15a34df2]
12:34:48.958 [main] DEBUG org.springframework.test.annotation.ProfileValueUtils - Retrieved @ProfileValueSourceConfiguration [null] for test class [com.example.demojunitteset.DemojunittesetApplicationTests]
12:34:48.958 [main] DEBUG org.springframework.test.annotation.ProfileValueUtils - Retrieved ProfileValueSource type [class org.springframework.test.annotation.SystemProfileValueSource] for class [com.example.demojunitteset.DemojunittesetApplicationTests]
12:34:48.959 [main] DEBUG org.springframework.test.annotation.ProfileValueUtils - Retrieved @ProfileValueSourceConfiguration [null] for test class [com.example.demojunitteset.DemojunittesetApplicationTests]
12:34:48.959 [main] DEBUG org.springframework.test.annotation.ProfileValueUtils - Retrieved ProfileValueSource type [class org.springframework.test.annotation.SystemProfileValueSource] for class [com.example.demojunitteset.DemojunittesetApplicationTests]
12:34:48.960 [main] DEBUG org.springframework.test.annotation.ProfileValueUtils - Retrieved @ProfileValueSourceConfiguration [null] for test class [com.example.demojunitteset.DemojunittesetApplicationTests]
12:34:48.960 [main] DEBUG org.springframework.test.annotation.ProfileValueUtils - Retrieved ProfileValueSource type [class org.springframework.test.annotation.SystemProfileValueSource] for class [com.example.demojunitteset.DemojunittesetApplicationTests]
12:34:48.960 [main] DEBUG org.springframework.test.annotation.ProfileValueUtils - Retrieved @ProfileValueSourceConfiguration [null] for test class [com.example.demojunitteset.DemojunittesetApplicationTests]
12:34:48.960 [main] DEBUG org.springframework.test.annotation.ProfileValueUtils - Retrieved ProfileValueSource type [class org.springframework.test.annotation.SystemProfileValueSource] for class [com.example.demojunitteset.DemojunittesetApplicationTests]
12:34:48.961 [main] DEBUG org.springframework.test.context.support.AbstractDirtiesContextTestExecutionListener - Before test class: context [DefaultTestContext@1500b2f3 testClass = DemojunittesetApplicationTests, testInstance = [null], testMethod = [null], testException = [null], mergedContextConfiguration = [WebMergedContextConfiguration@7eecb5b8 testClass = DemojunittesetApplicationTests, locations = '{}', classes = '{class com.example.demojunitteset.DemojunittesetApplication}', contextInitializerClasses = '[]', activeProfiles = '{}', propertySourceLocations = '{}', propertySourceProperties = '{org.springframework.boot.test.context.SpringBootTestContextBootstrapper=true}', contextCustomizers = set[org.springframework.boot.test.context.filter.ExcludeFilterContextCustomizer@635eaaf1, org.springframework.boot.test.json.DuplicateJsonObjectContextCustomizerFactory$DuplicateJsonObjectContextCustomizer@1139b2f3, org.springframework.boot.test.mock.mockito.MockitoContextCustomizer@0, org.springframework.boot.test.web.client.TestRestTemplateContextCustomizer@3c407114, org.springframework.boot.test.autoconfigure.actuate.metrics.MetricsExportContextCustomizerFactory$DisableMetricExportContextCustomizer@291ae, org.springframework.boot.test.autoconfigure.properties.PropertyMappingContextCustomizer@0, org.springframework.boot.test.autoconfigure.web.servlet.WebDriverContextCustomizerFactory$Customizer@441772e, org.springframework.boot.test.context.SpringBootTestArgs@1, org.springframework.boot.test.context.SpringBootTestWebEnvironment@7c417213], resourceBasePath = 'src/main/webapp', contextLoader = 'org.springframework.boot.test.context.SpringBootContextLoader', parent = [null]], attributes = map['org.springframework.test.context.web.ServletTestExecutionListener.activateListener' -> true]], class annotated with @DirtiesContext [false] with mode [null].
12:34:48.962 [main] DEBUG org.springframework.test.annotation.ProfileValueUtils - Retrieved @ProfileValueSourceConfiguration [null] for test class [com.example.demojunitteset.DemojunittesetApplicationTests]
12:34:48.962 [main] DEBUG org.springframework.test.annotation.ProfileValueUtils - Retrieved ProfileValueSource type [class org.springframework.test.annotation.SystemProfileValueSource] for class [com.example.demojunitteset.DemojunittesetApplicationTests]
12:34:48.974 [main] DEBUG org.springframework.test.context.support.TestPropertySourceUtils - Adding inlined properties to environment: {spring.jmx.enabled=false, org.springframework.boot.test.context.SpringBootTestContextBootstrapper=true}

  .   ____          _            __ _ _
 /\\ / ___'_ __ _ _(_)_ __  __ _ \ \ \ \
( ( )\___ | '_ | '_| | '_ \/ _` | \ \ \ \
 \\/  ___)| |_)| | | | | || (_| |  ) ) ) )
  '  |____| .__|_| |_|_| |_\__, | / / / /
 =========|_|==============|___/=/_/_/_/
 :: Spring Boot ::                (v2.5.5)

2021-11-09 12:34:49.129  INFO 5780 --- [           main] c.e.d.DemojunittesetApplicationTests     : Starting DemojunittesetApplicationTests using Java 11.0.11 on lab1 with PID 5780 (started by lab1 in /home/lab1/Downloads/demojunitteset)
2021-11-09 12:34:49.131  INFO 5780 --- [           main] c.e.d.DemojunittesetApplicationTests     : No active profile set, falling back to default profiles: default
2021-11-09 12:34:49.820  INFO 5780 --- [           main] c.e.d.DemojunittesetApplicationTests     : Started DemojunittesetApplicationTests in 0.842 seconds (JVM running for 1.259)
]]></system-out>
  </testcase>
</testsuite>